<?xml version="1.0" encoding="UTF-8"?>
<!-- Generated by org.testng.reporters.JUnitReportReporter -->
<testsuite hostname="DESKTOP-THPS9VE" failures="0" tests="7" name="testCases.demoTest" time="0.013" errors="0" timestamp="2023-09-25T13:16:58 EDT" skipped="0">
  <testcase classname="testCases.demoTest" name="lireData" time="0.001"/>
  <testcase classname="testCases.demoTest" name="lireData" time="0.001"/>
  <testcase classname="testCases.demoTest" name="lireData" time="0.006"/>
  <testcase classname="testCases.demoTest" name="lireData" time="0.002"/>
  <testcase classname="testCases.demoTest" name="lireData" time="0.001"/>
  <testcase classname="testCases.demoTest" name="lireData" time="0.001"/>
  <testcase classname="testCases.demoTest" name="lireData" time="0.001"/>
</testsuite> <!-- testCases.demoTest -->
